{"type":"server-started","port":62612,"host":"127.0.0.1","url_host":"localhost","url":"http://localhost:62612","screen_dir":"/Users/aalmacin/Projects/daily-learning-worktree/move-description-to-research/.superpowers/brainstorm/34729-1780871397/content","state_dir":"/Users/aalmacin/Projects/daily-learning-worktree/move-description-to-research/.superpowers/brainstorm/34729-1780871397/state"}
{"type":"screen-added","file":"/Users/aalmacin/Projects/daily-learning-worktree/move-description-to-research/.superpowers/brainstorm/34729-1780871397/content/search-behavior.html"}
{"source":"user-event","type":"click","text":"🔍\n          machine learning\n          Search\n        \n        \n          Results for \"machine learning\" (12 terms)\n          \n            \n              Machine Learning\n              A type of AI that learns from data...\n            \n            \n              Supervised Learning\n              Training with labeled examples...\n            \n            \n              Reinforcement Learning\n              Learning through rewards and penalties...\n            \n          \n        \n      \n    \n    \n      A — Navigate to Terms page\n      Submit navigates to /terms?q=query, showing filtered results on the existing Terms page with all its filters/sorting intact.","choice":"a","id":null,"timestamp":1780871487704}
{"type":"screen-added","file":"/Users/aalmacin/Projects/daily-learning-worktree/move-description-to-research/.superpowers/brainstorm/34729-1780871397/content/navbar-layout.html"}
{"type":"screen-added","file":"/Users/aalmacin/Projects/daily-learning-worktree/move-description-to-research/.superpowers/brainstorm/34729-1780871397/content/waiting-1.html"}
{"type":"screen-added","file":"/Users/aalmacin/Projects/daily-learning-worktree/move-description-to-research/.superpowers/brainstorm/34729-1780871397/content/navbar-design.html"}
{"type":"screen-added","file":"/Users/aalmacin/Projects/daily-learning-worktree/move-description-to-research/.superpowers/brainstorm/34729-1780871397/content/search-width.html"}
{"source":"user-event","type":"click","text":"DailyLearning\n          \n          \n            \n            Search terms...\n          \n          \n            \n            \n            \n          \n        \n      \n    \n    \n      C — Proportional, right-aligned\n      Logo on the left, search bar takes ~30% of the header width (min 120px, max 280px), hamburger on the right.","choice":"c","id":null,"timestamp":1780871939676}
{"type":"screen-added","file":"/Users/aalmacin/Projects/daily-learning-worktree/move-description-to-research/.superpowers/brainstorm/34729-1780871397/content/waiting-2.html"}
{"type":"screen-added","file":"/Users/aalmacin/Projects/daily-learning-worktree/move-description-to-research/.superpowers/brainstorm/34729-1780871397/content/full-design.html"}
{"type":"screen-added","file":"/Users/aalmacin/Projects/daily-learning-worktree/move-description-to-research/.superpowers/brainstorm/34729-1780871397/content/menu-style.html"}
{"source":"user-event","type":"click","text":"DailyLearning\n          \n          \n            \n            Search...\n          \n          \n            \n            \n          \n        \n        \n          Terms\n          Term List\n          Flashcards\n          Categories\n          Settings\n          Sign out\n        \n      \n    \n    \n      A — Floating dropdown (right-aligned)\n      Compact dropdown anchored to the hamburger icon. Floats above the page content, doesn't push layout.","choice":"a","id":null,"timestamp":1780872231297}
{"type":"screen-added","file":"/Users/aalmacin/Projects/daily-learning-worktree/move-description-to-research/.superpowers/brainstorm/34729-1780871397/content/final-design.html"}
{"type":"screen-added","file":"/Users/aalmacin/Projects/daily-learning-worktree/move-description-to-research/.superpowers/brainstorm/34729-1780871397/content/final-design-v2.html"}
{"type":"screen-added","file":"/Users/aalmacin/Projects/daily-learning-worktree/move-description-to-research/.superpowers/brainstorm/34729-1780871397/content/final-design-v3.html"}
{"type":"screen-added","file":"/Users/aalmacin/Projects/daily-learning-worktree/move-description-to-research/.superpowers/brainstorm/34729-1780871397/content/final-design-v4.html"}
{"type":"screen-added","file":"/Users/aalmacin/Projects/daily-learning-worktree/move-description-to-research/.superpowers/brainstorm/34729-1780871397/content/final-design-v5.html"}
{"type":"screen-added","file":"/Users/aalmacin/Projects/daily-learning-worktree/move-description-to-research/.superpowers/brainstorm/34729-1780871397/content/card-spacing.html"}
{"type":"screen-added","file":"/Users/aalmacin/Projects/daily-learning-worktree/move-description-to-research/.superpowers/brainstorm/34729-1780871397/content/results-width.html"}
{"type":"screen-added","file":"/Users/aalmacin/Projects/daily-learning-worktree/move-description-to-research/.superpowers/brainstorm/34729-1780871397/content/results-width-v2.html"}
{"type":"screen-added","file":"/Users/aalmacin/Projects/daily-learning-worktree/move-description-to-research/.superpowers/brainstorm/34729-1780871397/content/ask-expanded.html"}
{"type":"screen-added","file":"/Users/aalmacin/Projects/daily-learning-worktree/move-description-to-research/.superpowers/brainstorm/34729-1780871397/content/ask-expanded-v2.html"}
{"type":"server-stopped","reason":"idle timeout"}
